/////////////////////////////////////
Nouvelle session 2021-03-16 11:56:35

/////////////////////////////////////
Nouvelle session 2021-03-16 11:57:08

ADD USER
EMAIL DEJA UTILISE
ADD USER PASS OK
ADD USER TEST OK
/////////////////////////////////////
Nouvelle session 2021-03-16 11:57:08

/////////////////////////////////////
Nouvelle session 2021-03-16 11:58:11

/////////////////////////////////////
Nouvelle session 2021-03-16 11:58:36

ADD USER
EMAIL DEJA UTILISE
1
ADD USER PASS OK
ADD USER TEST OK
/////////////////////////////////////
Nouvelle session 2021-03-16 11:58:36

/////////////////////////////////////
Nouvelle session 2021-03-16 11:59:08

/////////////////////////////////////
Nouvelle session 2021-03-16 11:59:30

ADD USER
EMAIL DEJA UTILISE
ADD USER PASS OK
ADD USER TEST OK
/////////////////////////////////////
Nouvelle session 2021-03-16 12:00:48

/////////////////////////////////////
Nouvelle session 2021-03-16 12:00:58

ADD USER
EMAIL DEJA UTILISE
ADD USER PASS OK
ADD USER TEST OK
/////////////////////////////////////
Nouvelle session 2021-03-16 12:00:58

/////////////////////////////////////
Nouvelle session 2021-03-16 12:02:10

/////////////////////////////////////
Nouvelle session 2021-03-16 12:02:20

ADD USER
ADD USER EMAIL OK
ADD USER PASS OK
ADD USER TEST OK
ADD USER IN DB
/////////////////////////////////////
Nouvelle session 2021-03-16 12:02:20

/////////////////////////////////////
Nouvelle session 2021-03-16 12:03:12

/////////////////////////////////////
Nouvelle session 2021-03-16 12:03:44

ADD USER
EMAIL DEJA UTILISE
ADD USER PASS OK
ADD USER TEST OK
/////////////////////////////////////
Nouvelle session 2021-03-16 12:03:44

/////////////////////////////////////
Nouvelle session 2021-03-16 12:04:36

/////////////////////////////////////
Nouvelle session 2021-03-16 12:04:46

ADD USER
ADD USER EMAIL OK
ADD USER PASS OK
ADD USER TEST OK
ADD USER IN DB
/////////////////////////////////////
Nouvelle session 2021-03-16 12:05:11

/////////////////////////////////////
Nouvelle session 2021-03-16 12:05:21

ADD USER
EMAIL DEJA UTILISE
ADD USER PASS OK
ADD USER TEST OK
/////////////////////////////////////
Nouvelle session 2021-03-16 12:06:35

/////////////////////////////////////
Nouvelle session 2021-03-16 12:07:18

ADD USER
EMAIL DEJA UTILISE
ADD USER PASS OK
ADD USER TEST OK
/////////////////////////////////////
Nouvelle session 2021-03-16 12:08:05

/////////////////////////////////////
Nouvelle session 2021-03-16 12:08:07

/////////////////////////////////////
Nouvelle session 2021-03-16 12:08:40

ADD USER
ADD USER EMAIL OK
ADD USER PASS OK
ADD USER TEST OK
ADD USER IN DB
/////////////////////////////////////
Nouvelle session 2021-03-16 12:08:56

/////////////////////////////////////
Nouvelle session 2021-03-16 12:09:13

ADD USER
EMAIL DEJA UTILISE
ADD USER PASS OK
ADD USER TEST OK
/////////////////////////////////////
Nouvelle session 2021-03-16 12:09:13

/////////////////////////////////////
Nouvelle session 2021-03-16 12:09:25

/////////////////////////////////////
Nouvelle session 2021-03-16 12:09:36

ADD USER
ADD USER EMAIL OK
ADD USER PASS OK
ADD USER TEST OK
ADD USER IN DB
/////////////////////////////////////
Nouvelle session 2021-03-16 12:09:36

/////////////////////////////////////
Nouvelle session 2021-03-16 12:10:14

/////////////////////////////////////
Nouvelle session 2021-03-16 12:10:16

/////////////////////////////////////
Nouvelle session 2021-03-16 12:10:20

/////////////////////////////////////
Nouvelle session 2021-03-16 12:10:25

/////////////////////////////////////
Nouvelle session 2021-03-16 12:10:29

/////////////////////////////////////
Nouvelle session 2021-03-16 12:10:32

/////////////////////////////////////
Nouvelle session 2021-03-16 12:10:34

/////////////////////////////////////
Nouvelle session 2021-03-16 12:10:35

/////////////////////////////////////
Nouvelle session 2021-03-16 12:10:37

/////////////////////////////////////
Nouvelle session 2021-03-16 12:13:29

/////////////////////////////////////
Nouvelle session 2021-03-16 12:13:31

/////////////////////////////////////
Nouvelle session 2021-03-16 12:13:36

/////////////////////////////////////
Nouvelle session 2021-03-16 12:13:37

/////////////////////////////////////
Nouvelle session 2021-03-16 12:13:43

/////////////////////////////////////
Nouvelle session 2021-03-16 14:00:40

/////////////////////////////////////
Nouvelle session 2021-03-16 14:00:43

/////////////////////////////////////
Nouvelle session 2021-03-16 14:01:12

/////////////////////////////////////
Nouvelle session 2021-03-16 14:02:31

/////////////////////////////////////
Nouvelle session 2021-03-16 14:13:14

/////////////////////////////////////
Nouvelle session 2021-03-16 14:14:10

/////////////////////////////////////
Nouvelle session 2021-03-16 14:17:19

/////////////////////////////////////
Nouvelle session 2021-03-16 14:17:23

/////////////////////////////////////
Nouvelle session 2021-03-16 14:17:34

/////////////////////////////////////
Nouvelle session 2021-03-16 14:19:33

/////////////////////////////////////
Nouvelle session 2021-03-16 14:19:38

/////////////////////////////////////
Nouvelle session 2021-03-16 14:21:02

/////////////////////////////////////
Nouvelle session 2021-03-16 14:21:05

/////////////////////////////////////
Nouvelle session 2021-03-16 14:21:07

/////////////////////////////////////
Nouvelle session 2021-03-16 14:21:11

/////////////////////////////////////
Nouvelle session 2021-03-16 14:25:32

/////////////////////////////////////
Nouvelle session 2021-03-16 14:25:35

/////////////////////////////////////
Nouvelle session 2021-03-16 14:25:35

/////////////////////////////////////
Nouvelle session 2021-03-16 14:26:16

/////////////////////////////////////
Nouvelle session 2021-03-16 14:26:18

/////////////////////////////////////
Nouvelle session 2021-03-16 14:26:20

/////////////////////////////////////
Nouvelle session 2021-03-16 14:26:22

/////////////////////////////////////
Nouvelle session 2021-03-16 14:26:22

/////////////////////////////////////
Nouvelle session 2021-03-16 14:33:54

/////////////////////////////////////
Nouvelle session 2021-03-16 14:33:56

/////////////////////////////////////
Nouvelle session 2021-03-16 14:33:58

/////////////////////////////////////
Nouvelle session 2021-03-16 14:35:52

/////////////////////////////////////
Nouvelle session 2021-03-16 14:35:53

/////////////////////////////////////
Nouvelle session 2021-03-16 14:35:53

/////////////////////////////////////
Nouvelle session 2021-03-16 14:38:16

/////////////////////////////////////
Nouvelle session 2021-03-16 14:38:17

/////////////////////////////////////
Nouvelle session 2021-03-16 14:38:18

/////////////////////////////////////
Nouvelle session 2021-03-16 14:38:18

/////////////////////////////////////
Nouvelle session 2021-03-16 14:40:03

/////////////////////////////////////
Nouvelle session 2021-03-16 14:40:05

/////////////////////////////////////
Nouvelle session 2021-03-16 14:40:06

/////////////////////////////////////
Nouvelle session 2021-03-16 14:42:34

/////////////////////////////////////
Nouvelle session 2021-03-16 14:42:36

/////////////////////////////////////
Nouvelle session 2021-03-16 14:42:51

/////////////////////////////////////
Nouvelle session 2021-03-16 14:42:53

/////////////////////////////////////
Nouvelle session 2021-03-16 14:42:57

/////////////////////////////////////
Nouvelle session 2021-03-16 14:43:34

/////////////////////////////////////
Nouvelle session 2021-03-16 14:43:35

/////////////////////////////////////
Nouvelle session 2021-03-16 14:43:36

/////////////////////////////////////
Nouvelle session 2021-03-16 14:43:57

/////////////////////////////////////
Nouvelle session 2021-03-16 14:44:27

/////////////////////////////////////
Nouvelle session 2021-03-16 14:44:29

/////////////////////////////////////
Nouvelle session 2021-03-16 14:46:32

/////////////////////////////////////
Nouvelle session 2021-03-16 14:47:18

/////////////////////////////////////
Nouvelle session 2021-03-16 14:53:27

/////////////////////////////////////
Nouvelle session 2021-03-16 14:53:28

/////////////////////////////////////
Nouvelle session 2021-03-16 14:54:26

/////////////////////////////////////
Nouvelle session 2021-03-16 14:54:27

/////////////////////////////////////
Nouvelle session 2021-03-16 14:54:29

/////////////////////////////////////
Nouvelle session 2021-03-16 14:54:30

/////////////////////////////////////
Nouvelle session 2021-03-16 14:54:33

/////////////////////////////////////
Nouvelle session 2021-03-16 14:54:33

/////////////////////////////////////
Nouvelle session 2021-03-16 14:54:48

/////////////////////////////////////
Nouvelle session 2021-03-16 14:55:19

ADD USER
ADD USER EMAIL OK
ADD USER PASS OK
ADD USER TEST OK
ADD USER IN DB
/////////////////////////////////////
Nouvelle session 2021-03-16 14:55:19

/////////////////////////////////////
Nouvelle session 2021-03-16 14:55:40

/////////////////////////////////////
Nouvelle session 2021-03-16 14:55:41

/////////////////////////////////////
Nouvelle session 2021-03-16 14:55:45

/////////////////////////////////////
Nouvelle session 2021-03-16 14:55:46

/////////////////////////////////////
Nouvelle session 2021-03-16 14:55:48

/////////////////////////////////////
Nouvelle session 2021-03-16 14:56:00

/////////////////////////////////////
Nouvelle session 2021-03-16 14:56:01

/////////////////////////////////////
Nouvelle session 2021-03-16 14:56:03

/////////////////////////////////////
Nouvelle session 2021-03-16 14:56:05

/////////////////////////////////////
Nouvelle session 2021-03-16 14:56:07

/////////////////////////////////////
Nouvelle session 2021-03-16 14:57:07

/////////////////////////////////////
Nouvelle session 2021-03-16 14:57:13

/////////////////////////////////////
Nouvelle session 2021-03-16 14:57:13

/////////////////////////////////////
Nouvelle session 2021-03-16 14:57:15

/////////////////////////////////////
Nouvelle session 2021-03-16 14:57:45

ADD USER
/////////////////////////////////////
Nouvelle session 2021-03-16 14:58:58

/////////////////////////////////////
Nouvelle session 2021-03-16 14:59:00

ADD USER
ADD USER EMAIL OK
ADD USER TEST OK
/////////////////////////////////////
Nouvelle session 2021-03-16 14:59:00

/////////////////////////////////////
Nouvelle session 2021-03-16 14:59:59

/////////////////////////////////////
Nouvelle session 2021-03-16 15:00:08

ADD USER
ADD USER EMAIL OK
ADD USER PASS OK
ADD USER TEST OK
ADD USER IN DB
/////////////////////////////////////
Nouvelle session 2021-03-16 15:00:08

/////////////////////////////////////
Nouvelle session 2021-03-16 15:00:21

/////////////////////////////////////
Nouvelle session 2021-03-16 15:00:23

/////////////////////////////////////
Nouvelle session 2021-03-16 15:00:25

/////////////////////////////////////
Nouvelle session 2021-03-16 15:00:28

/////////////////////////////////////
Nouvelle session 2021-03-16 15:02:19

/////////////////////////////////////
Nouvelle session 2021-03-16 15:02:22

/////////////////////////////////////
Nouvelle session 2021-03-16 15:02:23

/////////////////////////////////////
Nouvelle session 2021-03-16 15:02:25

/////////////////////////////////////
Nouvelle session 2021-03-16 15:02:57

/////////////////////////////////////
Nouvelle session 2021-03-16 15:02:59

/////////////////////////////////////
Nouvelle session 2021-03-16 15:03:00

/////////////////////////////////////
Nouvelle session 2021-03-16 15:03:02

/////////////////////////////////////
Nouvelle session 2021-03-16 15:03:04

/////////////////////////////////////
Nouvelle session 2021-03-16 15:03:05

/////////////////////////////////////
Nouvelle session 2021-03-16 15:03:07

/////////////////////////////////////
Nouvelle session 2021-03-16 15:03:10

/////////////////////////////////////
Nouvelle session 2021-03-16 15:03:12

/////////////////////////////////////
Nouvelle session 2021-03-16 15:03:13

/////////////////////////////////////
Nouvelle session 2021-03-16 15:03:21

/////////////////////////////////////
Nouvelle session 2021-03-16 15:03:36

/////////////////////////////////////
Nouvelle session 2021-03-16 15:04:17

/////////////////////////////////////
Nouvelle session 2021-03-16 15:05:34

/////////////////////////////////////
Nouvelle session 2021-03-16 15:09:39

/////////////////////////////////////
Nouvelle session 2021-03-16 15:10:14

/////////////////////////////////////
Nouvelle session 2021-03-16 15:10:16

/////////////////////////////////////
Nouvelle session 2021-03-16 15:10:35

/////////////////////////////////////
Nouvelle session 2021-03-16 15:10:36

/////////////////////////////////////
Nouvelle session 2021-03-16 15:10:36

/////////////////////////////////////
Nouvelle session 2021-03-16 15:10:36

/////////////////////////////////////
Nouvelle session 2021-03-16 15:10:36

/////////////////////////////////////
Nouvelle session 2021-03-16 15:10:36

/////////////////////////////////////
Nouvelle session 2021-03-16 15:10:36

/////////////////////////////////////
Nouvelle session 2021-03-16 15:10:36

/////////////////////////////////////
Nouvelle session 2021-03-16 15:10:36

/////////////////////////////////////
Nouvelle session 2021-03-16 15:10:36

/////////////////////////////////////
Nouvelle session 2021-03-16 15:10:36

/////////////////////////////////////
Nouvelle session 2021-03-16 15:10:36

/////////////////////////////////////
Nouvelle session 2021-03-16 15:10:36

/////////////////////////////////////
Nouvelle session 2021-03-16 15:10:36

/////////////////////////////////////
Nouvelle session 2021-03-16 15:10:36

/////////////////////////////////////
Nouvelle session 2021-03-16 15:10:36

/////////////////////////////////////
Nouvelle session 2021-03-16 15:10:36

/////////////////////////////////////
Nouvelle session 2021-03-16 15:10:36

/////////////////////////////////////
Nouvelle session 2021-03-16 15:10:36

/////////////////////////////////////
Nouvelle session 2021-03-16 15:10:36

/////////////////////////////////////
Nouvelle session 2021-03-16 15:12:42

/////////////////////////////////////
Nouvelle session 2021-03-16 15:12:42

/////////////////////////////////////
Nouvelle session 2021-03-16 15:12:42

/////////////////////////////////////
Nouvelle session 2021-03-16 15:12:42

/////////////////////////////////////
Nouvelle session 2021-03-16 15:12:42

/////////////////////////////////////
Nouvelle session 2021-03-16 15:12:42

/////////////////////////////////////
Nouvelle session 2021-03-16 15:12:42

/////////////////////////////////////
Nouvelle session 2021-03-16 15:12:42

/////////////////////////////////////
Nouvelle session 2021-03-16 15:12:42

/////////////////////////////////////
Nouvelle session 2021-03-16 15:12:42

/////////////////////////////////////
Nouvelle session 2021-03-16 15:12:42

/////////////////////////////////////
Nouvelle session 2021-03-16 15:12:42

/////////////////////////////////////
Nouvelle session 2021-03-16 15:12:42

/////////////////////////////////////
Nouvelle session 2021-03-16 15:12:42

/////////////////////////////////////
Nouvelle session 2021-03-16 15:12:42

/////////////////////////////////////
Nouvelle session 2021-03-16 15:12:42

/////////////////////////////////////
Nouvelle session 2021-03-16 15:12:42

/////////////////////////////////////
Nouvelle session 2021-03-16 15:12:42

/////////////////////////////////////
Nouvelle session 2021-03-16 15:12:42

/////////////////////////////////////
Nouvelle session 2021-03-16 15:12:57

/////////////////////////////////////
Nouvelle session 2021-03-16 15:13:01

/////////////////////////////////////
Nouvelle session 2021-03-16 15:13:01

/////////////////////////////////////
Nouvelle session 2021-03-16 15:13:01

/////////////////////////////////////
Nouvelle session 2021-03-16 15:13:01

/////////////////////////////////////
Nouvelle session 2021-03-16 15:13:01

/////////////////////////////////////
Nouvelle session 2021-03-16 15:13:01

/////////////////////////////////////
Nouvelle session 2021-03-16 15:13:01

/////////////////////////////////////
Nouvelle session 2021-03-16 15:13:01

/////////////////////////////////////
Nouvelle session 2021-03-16 15:13:01

/////////////////////////////////////
Nouvelle session 2021-03-16 15:13:01

/////////////////////////////////////
Nouvelle session 2021-03-16 15:13:01

/////////////////////////////////////
Nouvelle session 2021-03-16 15:13:01

/////////////////////////////////////
Nouvelle session 2021-03-16 15:13:01

/////////////////////////////////////
Nouvelle session 2021-03-16 15:13:01

/////////////////////////////////////
Nouvelle session 2021-03-16 15:13:01

/////////////////////////////////////
Nouvelle session 2021-03-16 15:13:01

/////////////////////////////////////
Nouvelle session 2021-03-16 15:13:01

/////////////////////////////////////
Nouvelle session 2021-03-16 15:13:01

/////////////////////////////////////
Nouvelle session 2021-03-16 15:13:01

/////////////////////////////////////
Nouvelle session 2021-03-16 15:13:20

/////////////////////////////////////
Nouvelle session 2021-03-16 15:14:55

/////////////////////////////////////
Nouvelle session 2021-03-16 15:15:06

/////////////////////////////////////
Nouvelle session 2021-03-16 15:17:03

/////////////////////////////////////
Nouvelle session 2021-03-16 15:18:35

/////////////////////////////////////
Nouvelle session 2021-03-16 15:19:16

/////////////////////////////////////
Nouvelle session 2021-03-16 15:38:41

/////////////////////////////////////
Nouvelle session 2021-03-16 15:40:54

/////////////////////////////////////
Nouvelle session 2021-03-16 15:41:32

/////////////////////////////////////
Nouvelle session 2021-03-16 15:42:24

/////////////////////////////////////
Nouvelle session 2021-03-16 15:42:26

/////////////////////////////////////
Nouvelle session 2021-03-16 15:42:28

/////////////////////////////////////
Nouvelle session 2021-03-16 15:42:29

/////////////////////////////////////
Nouvelle session 2021-03-16 15:42:33

/////////////////////////////////////
Nouvelle session 2021-03-16 15:42:34

/////////////////////////////////////
Nouvelle session 2021-03-16 15:42:37

/////////////////////////////////////
Nouvelle session 2021-03-16 15:42:38

/////////////////////////////////////
Nouvelle session 2021-03-16 15:42:40

/////////////////////////////////////
Nouvelle session 2021-03-16 15:42:41

/////////////////////////////////////
Nouvelle session 2021-03-16 15:42:43

/////////////////////////////////////
Nouvelle session 2021-03-16 15:44:40

/////////////////////////////////////
Nouvelle session 2021-03-16 15:44:41

/////////////////////////////////////
Nouvelle session 2021-03-16 15:44:43

/////////////////////////////////////
Nouvelle session 2021-03-16 15:44:44

/////////////////////////////////////
Nouvelle session 2021-03-16 15:44:46

/////////////////////////////////////
Nouvelle session 2021-03-16 15:44:47

/////////////////////////////////////
Nouvelle session 2021-03-16 15:44:48

/////////////////////////////////////
Nouvelle session 2021-03-16 15:44:49

/////////////////////////////////////
Nouvelle session 2021-03-16 15:44:50

/////////////////////////////////////
Nouvelle session 2021-03-16 15:44:52

/////////////////////////////////////
Nouvelle session 2021-03-16 15:44:54

/////////////////////////////////////
Nouvelle session 2021-03-16 15:44:56

/////////////////////////////////////
Nouvelle session 2021-03-16 15:44:57

/////////////////////////////////////
Nouvelle session 2021-03-16 15:51:58

/////////////////////////////////////
Nouvelle session 2021-03-16 15:51:58

/////////////////////////////////////
Nouvelle session 2021-03-16 15:51:59

/////////////////////////////////////
Nouvelle session 2021-03-16 15:52:01

/////////////////////////////////////
Nouvelle session 2021-03-16 16:05:57

/////////////////////////////////////
Nouvelle session 2021-03-16 16:07:50

/////////////////////////////////////
Nouvelle session 2021-03-16 16:09:58

/////////////////////////////////////
Nouvelle session 2021-03-16 16:10:09

/////////////////////////////////////
Nouvelle session 2021-03-16 16:10:25

/////////////////////////////////////
Nouvelle session 2021-03-16 16:12:05

/////////////////////////////////////
Nouvelle session 2021-03-16 16:12:08

/////////////////////////////////////
Nouvelle session 2021-03-16 16:12:10

/////////////////////////////////////
Nouvelle session 2021-03-16 16:17:37

/////////////////////////////////////
Nouvelle session 2021-03-16 16:18:13

/////////////////////////////////////
Nouvelle session 2021-03-16 16:18:47

/////////////////////////////////////
Nouvelle session 2021-03-16 16:19:45

/////////////////////////////////////
Nouvelle session 2021-03-16 16:21:14

/////////////////////////////////////
Nouvelle session 2021-03-16 16:25:57

/////////////////////////////////////
Nouvelle session 2021-03-16 16:27:35

/////////////////////////////////////
Nouvelle session 2021-03-16 16:27:38

/////////////////////////////////////
Nouvelle session 2021-03-16 16:27:40

/////////////////////////////////////
Nouvelle session 2021-03-16 16:27:41

/////////////////////////////////////
Nouvelle session 2021-03-16 16:27:43

/////////////////////////////////////
Nouvelle session 2021-03-16 16:35:01

/////////////////////////////////////
Nouvelle session 2021-03-16 16:35:03

/////////////////////////////////////
Nouvelle session 2021-03-16 17:03:29

/////////////////////////////////////
Nouvelle session 2021-03-16 17:04:03

/////////////////////////////////////
Nouvelle session 2021-03-16 17:04:05

/////////////////////////////////////
Nouvelle session 2021-03-16 17:04:07

/////////////////////////////////////
Nouvelle session 2021-03-16 17:04:09

/////////////////////////////////////
Nouvelle session 2021-03-16 17:04:10

/////////////////////////////////////
Nouvelle session 2021-03-16 17:04:13

/////////////////////////////////////
Nouvelle session 2021-03-16 17:04:14

/////////////////////////////////////
Nouvelle session 2021-03-16 17:25:55

/////////////////////////////////////
Nouvelle session 2021-03-16 17:25:57

/////////////////////////////////////
Nouvelle session 2021-03-16 17:25:58

/////////////////////////////////////
Nouvelle session 2021-03-16 17:25:59

/////////////////////////////////////
Nouvelle session 2021-03-16 17:26:01

/////////////////////////////////////
Nouvelle session 2021-03-16 17:26:03

/////////////////////////////////////
Nouvelle session 2021-03-16 17:26:06

/////////////////////////////////////
Nouvelle session 2021-03-16 17:26:09

/////////////////////////////////////
Nouvelle session 2021-03-16 17:26:13

/////////////////////////////////////
Nouvelle session 2021-03-16 17:28:21

/////////////////////////////////////
Nouvelle session 2021-03-16 17:30:50

/////////////////////////////////////
Nouvelle session 2021-03-16 17:30:51

/////////////////////////////////////
Nouvelle session 2021-03-16 17:30:57

/////////////////////////////////////
Nouvelle session 2021-03-16 17:30:59

/////////////////////////////////////
Nouvelle session 2021-03-16 17:31:02

/////////////////////////////////////
Nouvelle session 2021-03-16 17:31:03

/////////////////////////////////////
Nouvelle session 2021-03-16 17:31:05

/////////////////////////////////////
Nouvelle session 2021-03-16 17:31:14

/////////////////////////////////////
Nouvelle session 2021-03-16 17:31:41

/////////////////////////////////////
Nouvelle session 2021-03-16 17:31:50

/////////////////////////////////////
Nouvelle session 2021-03-16 17:32:15

/////////////////////////////////////
Nouvelle session 2021-03-16 17:32:15

/////////////////////////////////////
Nouvelle session 2021-03-16 17:32:35

/////////////////////////////////////
Nouvelle session 2021-03-16 17:33:03

ADD USER
ADD USER EMAIL OK
ADD USER PASS OK
ADD USER TEST OK
ADD USER IN DB
/////////////////////////////////////
Nouvelle session 2021-03-16 17:33:03

/////////////////////////////////////
Nouvelle session 2021-03-16 17:35:26

/////////////////////////////////////
Nouvelle session 2021-03-16 17:35:35

/////////////////////////////////////
Nouvelle session 2021-03-16 17:35:38

/////////////////////////////////////
Nouvelle session 2021-03-16 17:35:47

/////////////////////////////////////
Nouvelle session 2021-03-16 17:35:48

/////////////////////////////////////
Nouvelle session 2021-03-16 17:35:52

/////////////////////////////////////
Nouvelle session 2021-03-16 17:37:01

/////////////////////////////////////
Nouvelle session 2021-03-16 17:37:03

/////////////////////////////////////
Nouvelle session 2021-03-16 17:37:05

/////////////////////////////////////
Nouvelle session 2021-03-16 17:37:06

/////////////////////////////////////
Nouvelle session 2021-03-16 17:38:37

/////////////////////////////////////
Nouvelle session 2021-03-16 17:39:13

/////////////////////////////////////
Nouvelle session 2021-03-16 17:39:24

/////////////////////////////////////
Nouvelle session 2021-03-16 19:54:18

/////////////////////////////////////
Nouvelle session 2021-03-16 19:55:25

/////////////////////////////////////
Nouvelle session 2021-03-16 19:55:30

/////////////////////////////////////
Nouvelle session 2021-03-16 19:55:30

/////////////////////////////////////
Nouvelle session 2021-03-16 19:55:35

1
/////////////////////////////////////
Nouvelle session 2021-03-16 19:55:35

/////////////////////////////////////
Nouvelle session 2021-03-16 19:55:38

/////////////////////////////////////
Nouvelle session 2021-03-16 19:55:39

/////////////////////////////////////
Nouvelle session 2021-03-16 19:55:46

/////////////////////////////////////
Nouvelle session 2021-03-16 19:55:48

/////////////////////////////////////
Nouvelle session 2021-03-16 19:55:50

/////////////////////////////////////
Nouvelle session 2021-03-16 19:55:52

/////////////////////////////////////
Nouvelle session 2021-03-16 19:55:53

/////////////////////////////////////
Nouvelle session 2021-03-16 19:55:54

/////////////////////////////////////
Nouvelle session 2021-03-16 19:55:56

/////////////////////////////////////
Nouvelle session 2021-03-16 19:55:58

/////////////////////////////////////
Nouvelle session 2021-03-16 19:56:06

/////////////////////////////////////
Nouvelle session 2021-03-16 19:56:28

/////////////////////////////////////
Nouvelle session 2021-03-16 19:56:29

/////////////////////////////////////
Nouvelle session 2021-03-16 19:56:31

/////////////////////////////////////
Nouvelle session 2021-03-16 19:56:35

/////////////////////////////////////
Nouvelle session 2021-03-16 19:56:55

/////////////////////////////////////
Nouvelle session 2021-03-16 19:57:12

/////////////////////////////////////
Nouvelle session 2021-03-16 20:06:50

/////////////////////////////////////
Nouvelle session 2021-03-16 20:06:53

/////////////////////////////////////
Nouvelle session 2021-03-17 08:45:27

/////////////////////////////////////
Nouvelle session 2021-03-17 08:45:33

/////////////////////////////////////
Nouvelle session 2021-03-17 08:45:33

/////////////////////////////////////
Nouvelle session 2021-03-17 08:45:38

1
/////////////////////////////////////
Nouvelle session 2021-03-17 08:45:38

/////////////////////////////////////
Nouvelle session 2021-03-17 08:45:41

/////////////////////////////////////
Nouvelle session 2021-03-17 09:25:06

/////////////////////////////////////
Nouvelle session 2021-03-17 09:25:42

/////////////////////////////////////
Nouvelle session 2021-03-17 09:27:29

/////////////////////////////////////
Nouvelle session 2021-03-17 09:27:55

/////////////////////////////////////
Nouvelle session 2021-03-17 09:30:07

/////////////////////////////////////
Nouvelle session 2021-03-17 09:30:41

/////////////////////////////////////
Nouvelle session 2021-03-17 09:30:59

/////////////////////////////////////
Nouvelle session 2021-03-17 09:31:04

/////////////////////////////////////
Nouvelle session 2021-03-17 09:31:05

/////////////////////////////////////
Nouvelle session 2021-03-17 09:32:04

/////////////////////////////////////
Nouvelle session 2021-03-17 09:32:34

/////////////////////////////////////
Nouvelle session 2021-03-17 09:32:55

/////////////////////////////////////
Nouvelle session 2021-03-17 09:34:15

/////////////////////////////////////
Nouvelle session 2021-03-17 09:37:12

/////////////////////////////////////
Nouvelle session 2021-03-17 09:38:40

/////////////////////////////////////
Nouvelle session 2021-03-17 09:38:50

/////////////////////////////////////
Nouvelle session 2021-03-17 09:46:46

/////////////////////////////////////
Nouvelle session 2021-03-17 09:48:08

/////////////////////////////////////
Nouvelle session 2021-03-17 09:48:18

/////////////////////////////////////
Nouvelle session 2021-03-17 09:50:42

/////////////////////////////////////
Nouvelle session 2021-03-17 09:50:54

/////////////////////////////////////
Nouvelle session 2021-03-17 09:51:19

/////////////////////////////////////
Nouvelle session 2021-03-17 09:51:25

/////////////////////////////////////
Nouvelle session 2021-03-17 09:52:18

/////////////////////////////////////
Nouvelle session 2021-03-17 09:52:27

/////////////////////////////////////
Nouvelle session 2021-03-17 09:52:54

/////////////////////////////////////
Nouvelle session 2021-03-17 09:53:18

/////////////////////////////////////
Nouvelle session 2021-03-17 09:53:29

/////////////////////////////////////
Nouvelle session 2021-03-17 09:54:04

/////////////////////////////////////
Nouvelle session 2021-03-17 09:54:42

/////////////////////////////////////
Nouvelle session 2021-03-17 09:54:53

/////////////////////////////////////
Nouvelle session 2021-03-17 09:56:14

/////////////////////////////////////
Nouvelle session 2021-03-17 09:57:47

/////////////////////////////////////
Nouvelle session 2021-03-17 09:58:12

/////////////////////////////////////
Nouvelle session 2021-03-17 09:58:25

/////////////////////////////////////
Nouvelle session 2021-03-17 09:58:36

/////////////////////////////////////
Nouvelle session 2021-03-17 09:59:22

/////////////////////////////////////
Nouvelle session 2021-03-17 09:59:53

/////////////////////////////////////
Nouvelle session 2021-03-17 10:01:07

/////////////////////////////////////
Nouvelle session 2021-03-17 10:02:03

/////////////////////////////////////
Nouvelle session 2021-03-17 10:02:59

/////////////////////////////////////
Nouvelle session 2021-03-17 10:03:15

/////////////////////////////////////
Nouvelle session 2021-03-17 10:05:43

/////////////////////////////////////
Nouvelle session 2021-03-17 10:06:36

/////////////////////////////////////
Nouvelle session 2021-03-17 10:06:46

/////////////////////////////////////
Nouvelle session 2021-03-17 10:06:52

/////////////////////////////////////
Nouvelle session 2021-03-17 10:07:52

/////////////////////////////////////
Nouvelle session 2021-03-17 10:08:19

/////////////////////////////////////
Nouvelle session 2021-03-17 10:08:40

/////////////////////////////////////
Nouvelle session 2021-03-17 10:08:51

/////////////////////////////////////
Nouvelle session 2021-03-17 10:09:17

/////////////////////////////////////
Nouvelle session 2021-03-17 10:09:52

/////////////////////////////////////
Nouvelle session 2021-03-17 10:10:00

/////////////////////////////////////
Nouvelle session 2021-03-17 10:10:37

/////////////////////////////////////
Nouvelle session 2021-03-17 10:10:48

/////////////////////////////////////
Nouvelle session 2021-03-17 10:11:27

/////////////////////////////////////
Nouvelle session 2021-03-17 10:14:52

/////////////////////////////////////
Nouvelle session 2021-03-17 10:14:52

/////////////////////////////////////
Nouvelle session 2021-03-17 10:14:52

/////////////////////////////////////
Nouvelle session 2021-03-17 10:15:31

/////////////////////////////////////
Nouvelle session 2021-03-17 10:15:31

/////////////////////////////////////
Nouvelle session 2021-03-17 10:15:31

/////////////////////////////////////
Nouvelle session 2021-03-17 10:15:49

/////////////////////////////////////
Nouvelle session 2021-03-17 10:15:49

/////////////////////////////////////
Nouvelle session 2021-03-17 10:15:49

/////////////////////////////////////
Nouvelle session 2021-03-17 10:16:09

/////////////////////////////////////
Nouvelle session 2021-03-17 10:16:10

/////////////////////////////////////
Nouvelle session 2021-03-17 10:16:10

/////////////////////////////////////
Nouvelle session 2021-03-17 10:16:11

/////////////////////////////////////
Nouvelle session 2021-03-17 10:16:11

/////////////////////////////////////
Nouvelle session 2021-03-17 10:16:23

/////////////////////////////////////
Nouvelle session 2021-03-17 10:17:03

/////////////////////////////////////
Nouvelle session 2021-03-17 10:18:16

/////////////////////////////////////
Nouvelle session 2021-03-17 10:19:09

/////////////////////////////////////
Nouvelle session 2021-03-17 10:19:44

/////////////////////////////////////
Nouvelle session 2021-03-17 10:20:01

/////////////////////////////////////
Nouvelle session 2021-03-17 10:20:28

/////////////////////////////////////
Nouvelle session 2021-03-17 10:20:45

/////////////////////////////////////
Nouvelle session 2021-03-17 10:21:11

/////////////////////////////////////
Nouvelle session 2021-03-17 10:21:13

/////////////////////////////////////
Nouvelle session 2021-03-17 10:22:24

/////////////////////////////////////
Nouvelle session 2021-03-17 10:22:50

/////////////////////////////////////
Nouvelle session 2021-03-17 10:24:15

/////////////////////////////////////
Nouvelle session 2021-03-17 10:24:25

/////////////////////////////////////
Nouvelle session 2021-03-17 10:24:31

/////////////////////////////////////
Nouvelle session 2021-03-17 10:25:25

/////////////////////////////////////
Nouvelle session 2021-03-17 10:25:56

/////////////////////////////////////
Nouvelle session 2021-03-17 10:26:10

/////////////////////////////////////
Nouvelle session 2021-03-17 10:26:36

/////////////////////////////////////
Nouvelle session 2021-03-17 10:26:57

/////////////////////////////////////
Nouvelle session 2021-03-17 10:28:52

/////////////////////////////////////
Nouvelle session 2021-03-17 10:30:47

/////////////////////////////////////
Nouvelle session 2021-03-17 10:31:08

/////////////////////////////////////
Nouvelle session 2021-03-17 10:31:44

/////////////////////////////////////
Nouvelle session 2021-03-17 10:32:33

/////////////////////////////////////
Nouvelle session 2021-03-17 10:32:53

/////////////////////////////////////
Nouvelle session 2021-03-17 10:33:04

/////////////////////////////////////
Nouvelle session 2021-03-17 10:36:36

/////////////////////////////////////
Nouvelle session 2021-03-17 10:36:43

/////////////////////////////////////
Nouvelle session 2021-03-17 10:37:14

/////////////////////////////////////
Nouvelle session 2021-03-17 10:37:31

/////////////////////////////////////
Nouvelle session 2021-03-17 10:37:43

/////////////////////////////////////
Nouvelle session 2021-03-17 10:39:25

/////////////////////////////////////
Nouvelle session 2021-03-17 10:39:30

/////////////////////////////////////
Nouvelle session 2021-03-17 10:39:36

/////////////////////////////////////
Nouvelle session 2021-03-17 10:39:58

/////////////////////////////////////
Nouvelle session 2021-03-17 10:40:21

/////////////////////////////////////
Nouvelle session 2021-03-17 10:40:45

/////////////////////////////////////
Nouvelle session 2021-03-17 10:41:00

/////////////////////////////////////
Nouvelle session 2021-03-17 10:41:13

/////////////////////////////////////
Nouvelle session 2021-03-17 10:42:19

/////////////////////////////////////
Nouvelle session 2021-03-17 10:43:02

/////////////////////////////////////
Nouvelle session 2021-03-17 10:43:30

/////////////////////////////////////
Nouvelle session 2021-03-17 10:43:46

/////////////////////////////////////
Nouvelle session 2021-03-17 10:44:19

/////////////////////////////////////
Nouvelle session 2021-03-17 10:44:37

/////////////////////////////////////
Nouvelle session 2021-03-17 10:45:16

/////////////////////////////////////
Nouvelle session 2021-03-17 10:45:20

/////////////////////////////////////
Nouvelle session 2021-03-17 10:45:58

/////////////////////////////////////
Nouvelle session 2021-03-17 10:46:21

/////////////////////////////////////
Nouvelle session 2021-03-17 10:46:31

/////////////////////////////////////
Nouvelle session 2021-03-17 10:46:40

/////////////////////////////////////
Nouvelle session 2021-03-17 10:47:23

/////////////////////////////////////
Nouvelle session 2021-03-17 10:47:34

/////////////////////////////////////
Nouvelle session 2021-03-17 10:48:33

/////////////////////////////////////
Nouvelle session 2021-03-17 10:48:55

/////////////////////////////////////
Nouvelle session 2021-03-17 10:49:12

/////////////////////////////////////
Nouvelle session 2021-03-17 10:49:19

/////////////////////////////////////
Nouvelle session 2021-03-17 10:49:57

/////////////////////////////////////
Nouvelle session 2021-03-17 10:50:16

/////////////////////////////////////
Nouvelle session 2021-03-17 10:51:00

/////////////////////////////////////
Nouvelle session 2021-03-17 10:54:34

/////////////////////////////////////
Nouvelle session 2021-03-17 10:55:12

/////////////////////////////////////
Nouvelle session 2021-03-17 10:55:15

/////////////////////////////////////
Nouvelle session 2021-03-17 10:56:22

/////////////////////////////////////
Nouvelle session 2021-03-17 10:56:42

/////////////////////////////////////
Nouvelle session 2021-03-17 10:56:48

/////////////////////////////////////
Nouvelle session 2021-03-17 10:57:35

/////////////////////////////////////
Nouvelle session 2021-03-17 11:00:32

/////////////////////////////////////
Nouvelle session 2021-03-17 11:00:50

/////////////////////////////////////
Nouvelle session 2021-03-17 11:00:51

/////////////////////////////////////
Nouvelle session 2021-03-17 11:00:53

/////////////////////////////////////
Nouvelle session 2021-03-17 11:00:55

/////////////////////////////////////
Nouvelle session 2021-03-17 11:00:56

/////////////////////////////////////
Nouvelle session 2021-03-17 11:00:57

/////////////////////////////////////
Nouvelle session 2021-03-17 11:00:59

/////////////////////////////////////
Nouvelle session 2021-03-17 11:01:01

/////////////////////////////////////
Nouvelle session 2021-03-17 11:01:02

/////////////////////////////////////
Nouvelle session 2021-03-17 11:01:04

/////////////////////////////////////
Nouvelle session 2021-03-17 11:01:07

/////////////////////////////////////
Nouvelle session 2021-03-17 11:01:40

/////////////////////////////////////
Nouvelle session 2021-03-17 11:02:26

/////////////////////////////////////
Nouvelle session 2021-03-17 11:03:42

/////////////////////////////////////
Nouvelle session 2021-03-17 11:04:18

/////////////////////////////////////
Nouvelle session 2021-03-17 11:05:04

/////////////////////////////////////
Nouvelle session 2021-03-17 11:05:38

/////////////////////////////////////
Nouvelle session 2021-03-17 11:07:07

/////////////////////////////////////
Nouvelle session 2021-03-17 11:07:35

/////////////////////////////////////
Nouvelle session 2021-03-17 11:07:54

/////////////////////////////////////
Nouvelle session 2021-03-17 11:08:04

/////////////////////////////////////
Nouvelle session 2021-03-17 11:08:13

/////////////////////////////////////
Nouvelle session 2021-03-17 11:09:12

/////////////////////////////////////
Nouvelle session 2021-03-17 11:09:53

/////////////////////////////////////
Nouvelle session 2021-03-17 11:10:07

/////////////////////////////////////
Nouvelle session 2021-03-17 11:10:25

/////////////////////////////////////
Nouvelle session 2021-03-17 11:14:03

/////////////////////////////////////
Nouvelle session 2021-03-17 11:14:12

/////////////////////////////////////
Nouvelle session 2021-03-17 11:16:36

/////////////////////////////////////
Nouvelle session 2021-03-17 11:16:46

/////////////////////////////////////
Nouvelle session 2021-03-17 11:16:58

/////////////////////////////////////
Nouvelle session 2021-03-17 11:18:29

/////////////////////////////////////
Nouvelle session 2021-03-17 11:19:05

/////////////////////////////////////
Nouvelle session 2021-03-17 11:19:14

/////////////////////////////////////
Nouvelle session 2021-03-17 11:20:59

/////////////////////////////////////
Nouvelle session 2021-03-17 11:22:51

/////////////////////////////////////
Nouvelle session 2021-03-17 11:24:19

/////////////////////////////////////
Nouvelle session 2021-03-17 11:25:02

/////////////////////////////////////
Nouvelle session 2021-03-17 11:26:59

/////////////////////////////////////
Nouvelle session 2021-03-17 11:29:01

/////////////////////////////////////
Nouvelle session 2021-03-17 11:29:15

/////////////////////////////////////
Nouvelle session 2021-03-17 11:30:38

/////////////////////////////////////
Nouvelle session 2021-03-17 11:30:47

/////////////////////////////////////
Nouvelle session 2021-03-17 11:31:13

/////////////////////////////////////
Nouvelle session 2021-03-17 11:32:47

/////////////////////////////////////
Nouvelle session 2021-03-17 11:32:54

/////////////////////////////////////
Nouvelle session 2021-03-17 11:33:09

/////////////////////////////////////
Nouvelle session 2021-03-17 11:33:27

/////////////////////////////////////
Nouvelle session 2021-03-17 11:33:49

/////////////////////////////////////
Nouvelle session 2021-03-17 11:33:56

/////////////////////////////////////
Nouvelle session 2021-03-17 11:34:04

/////////////////////////////////////
Nouvelle session 2021-03-17 11:34:10

/////////////////////////////////////
Nouvelle session 2021-03-17 11:35:09

/////////////////////////////////////
Nouvelle session 2021-03-17 11:35:17

/////////////////////////////////////
Nouvelle session 2021-03-17 11:35:28

/////////////////////////////////////
Nouvelle session 2021-03-17 11:35:45

/////////////////////////////////////
Nouvelle session 2021-03-17 11:37:52

/////////////////////////////////////
Nouvelle session 2021-03-17 11:38:11

/////////////////////////////////////
Nouvelle session 2021-03-17 11:42:34

/////////////////////////////////////
Nouvelle session 2021-03-17 11:44:44

/////////////////////////////////////
Nouvelle session 2021-03-17 11:47:46

/////////////////////////////////////
Nouvelle session 2021-03-17 11:48:18

/////////////////////////////////////
Nouvelle session 2021-03-17 11:50:21

/////////////////////////////////////
Nouvelle session 2021-03-17 11:50:33

/////////////////////////////////////
Nouvelle session 2021-03-17 11:51:41

/////////////////////////////////////
Nouvelle session 2021-03-17 11:52:59

/////////////////////////////////////
Nouvelle session 2021-03-17 11:54:05

/////////////////////////////////////
Nouvelle session 2021-03-17 11:54:14

/////////////////////////////////////
Nouvelle session 2021-03-17 11:55:09

/////////////////////////////////////
Nouvelle session 2021-03-17 11:55:19

/////////////////////////////////////
Nouvelle session 2021-03-17 11:56:02

/////////////////////////////////////
Nouvelle session 2021-03-17 11:56:49

/////////////////////////////////////
Nouvelle session 2021-03-17 11:57:35

/////////////////////////////////////
Nouvelle session 2021-03-17 11:58:28

/////////////////////////////////////
Nouvelle session 2021-03-17 11:58:33

/////////////////////////////////////
Nouvelle session 2021-03-17 11:59:43

/////////////////////////////////////
Nouvelle session 2021-03-17 11:59:48

/////////////////////////////////////
Nouvelle session 2021-03-17 11:59:57

/////////////////////////////////////
Nouvelle session 2021-03-17 12:00:16

/////////////////////////////////////
Nouvelle session 2021-03-17 12:00:23

/////////////////////////////////////
Nouvelle session 2021-03-17 12:11:27

/////////////////////////////////////
Nouvelle session 2021-03-17 12:11:38

/////////////////////////////////////
Nouvelle session 2021-03-17 12:12:41

/////////////////////////////////////
Nouvelle session 2021-03-17 12:13:10

/////////////////////////////////////
Nouvelle session 2021-03-17 12:14:02

/////////////////////////////////////
Nouvelle session 2021-03-17 12:14:13

/////////////////////////////////////
Nouvelle session 2021-03-17 12:14:39

/////////////////////////////////////
Nouvelle session 2021-03-17 12:15:12

/////////////////////////////////////
Nouvelle session 2021-03-17 12:17:17

/////////////////////////////////////
Nouvelle session 2021-03-17 12:17:27

/////////////////////////////////////
Nouvelle session 2021-03-17 12:17:51

/////////////////////////////////////
Nouvelle session 2021-03-17 12:21:15

/////////////////////////////////////
Nouvelle session 2021-03-17 12:21:19

/////////////////////////////////////
Nouvelle session 2021-03-17 12:21:53

/////////////////////////////////////
Nouvelle session 2021-03-17 12:22:10

/////////////////////////////////////
Nouvelle session 2021-03-17 12:23:14

/////////////////////////////////////
Nouvelle session 2021-03-17 12:23:24

/////////////////////////////////////
Nouvelle session 2021-03-17 12:24:39

/////////////////////////////////////
Nouvelle session 2021-03-17 12:25:46

/////////////////////////////////////
Nouvelle session 2021-03-17 12:25:57

/////////////////////////////////////
Nouvelle session 2021-03-17 12:26:09

/////////////////////////////////////
Nouvelle session 2021-03-17 12:26:31

/////////////////////////////////////
Nouvelle session 2021-03-17 12:27:34

/////////////////////////////////////
Nouvelle session 2021-03-17 12:27:47

/////////////////////////////////////
Nouvelle session 2021-03-17 12:28:51

/////////////////////////////////////
Nouvelle session 2021-03-17 12:29:10

/////////////////////////////////////
Nouvelle session 2021-03-17 12:29:55

/////////////////////////////////////
Nouvelle session 2021-03-17 12:29:55

/////////////////////////////////////
Nouvelle session 2021-03-17 12:31:06

/////////////////////////////////////
Nouvelle session 2021-03-17 12:31:06

/////////////////////////////////////
Nouvelle session 2021-03-17 12:32:39

/////////////////////////////////////
Nouvelle session 2021-03-17 12:32:39

/////////////////////////////////////
Nouvelle session 2021-03-17 12:34:00

/////////////////////////////////////
Nouvelle session 2021-03-17 12:34:00

/////////////////////////////////////
Nouvelle session 2021-03-17 12:34:27

/////////////////////////////////////
Nouvelle session 2021-03-17 12:34:28

/////////////////////////////////////
Nouvelle session 2021-03-17 12:34:41

/////////////////////////////////////
Nouvelle session 2021-03-17 12:34:41

/////////////////////////////////////
Nouvelle session 2021-03-17 12:35:15

/////////////////////////////////////
Nouvelle session 2021-03-17 12:35:15

/////////////////////////////////////
Nouvelle session 2021-03-17 12:36:23

/////////////////////////////////////
Nouvelle session 2021-03-17 12:36:24

/////////////////////////////////////
Nouvelle session 2021-03-17 12:36:46

/////////////////////////////////////
Nouvelle session 2021-03-17 12:36:46

/////////////////////////////////////
Nouvelle session 2021-03-17 12:37:00

/////////////////////////////////////
Nouvelle session 2021-03-17 12:37:00

/////////////////////////////////////
Nouvelle session 2021-03-17 12:37:10

/////////////////////////////////////
Nouvelle session 2021-03-17 12:37:10

/////////////////////////////////////
Nouvelle session 2021-03-17 12:37:38

/////////////////////////////////////
Nouvelle session 2021-03-17 12:37:38

/////////////////////////////////////
Nouvelle session 2021-03-17 12:37:44

/////////////////////////////////////
Nouvelle session 2021-03-17 12:37:44

/////////////////////////////////////
Nouvelle session 2021-03-17 12:38:02

/////////////////////////////////////
Nouvelle session 2021-03-17 12:38:03

/////////////////////////////////////
Nouvelle session 2021-03-17 12:38:05

/////////////////////////////////////
Nouvelle session 2021-03-17 12:38:12

/////////////////////////////////////
Nouvelle session 2021-03-17 12:38:12

/////////////////////////////////////
Nouvelle session 2021-03-17 12:38:17

1
/////////////////////////////////////
Nouvelle session 2021-03-17 12:38:17

/////////////////////////////////////
Nouvelle session 2021-03-17 12:38:19

/////////////////////////////////////
Nouvelle session 2021-03-17 12:38:20

/////////////////////////////////////
Nouvelle session 2021-03-17 12:38:20

/////////////////////////////////////
Nouvelle session 2021-03-17 12:38:27

/////////////////////////////////////
Nouvelle session 2021-03-17 12:38:28

/////////////////////////////////////
Nouvelle session 2021-03-17 12:38:45

/////////////////////////////////////
Nouvelle session 2021-03-17 12:38:45

/////////////////////////////////////
Nouvelle session 2021-03-17 12:39:26

/////////////////////////////////////
Nouvelle session 2021-03-17 12:39:27

/////////////////////////////////////
Nouvelle session 2021-03-17 12:41:41

/////////////////////////////////////
Nouvelle session 2021-03-17 12:41:42

/////////////////////////////////////
Nouvelle session 2021-03-17 12:43:29

/////////////////////////////////////
Nouvelle session 2021-03-17 12:43:29

/////////////////////////////////////
Nouvelle session 2021-03-17 12:43:49

/////////////////////////////////////
Nouvelle session 2021-03-17 12:43:49

/////////////////////////////////////
Nouvelle session 2021-03-17 12:44:01

/////////////////////////////////////
Nouvelle session 2021-03-17 12:44:01

/////////////////////////////////////
Nouvelle session 2021-03-17 12:44:26

/////////////////////////////////////
Nouvelle session 2021-03-17 12:44:27

/////////////////////////////////////
Nouvelle session 2021-03-17 12:44:59

/////////////////////////////////////
Nouvelle session 2021-03-17 12:44:59

/////////////////////////////////////
Nouvelle session 2021-03-17 12:45:06

/////////////////////////////////////
Nouvelle session 2021-03-17 12:45:06

/////////////////////////////////////
Nouvelle session 2021-03-17 12:45:26

/////////////////////////////////////
Nouvelle session 2021-03-17 12:45:26

/////////////////////////////////////
Nouvelle session 2021-03-17 12:45:33

/////////////////////////////////////
Nouvelle session 2021-03-17 12:45:33

/////////////////////////////////////
Nouvelle session 2021-03-17 12:46:49

/////////////////////////////////////
Nouvelle session 2021-03-17 12:46:49

/////////////////////////////////////
Nouvelle session 2021-03-17 12:46:56

/////////////////////////////////////
Nouvelle session 2021-03-17 12:46:56

/////////////////////////////////////
Nouvelle session 2021-03-17 12:48:17

/////////////////////////////////////
Nouvelle session 2021-03-17 12:48:17

/////////////////////////////////////
Nouvelle session 2021-03-17 12:49:48

/////////////////////////////////////
Nouvelle session 2021-03-17 12:49:49

/////////////////////////////////////
Nouvelle session 2021-03-17 12:50:15

/////////////////////////////////////
Nouvelle session 2021-03-17 12:50:15

/////////////////////////////////////
Nouvelle session 2021-03-17 12:51:19

/////////////////////////////////////
Nouvelle session 2021-03-17 12:51:19

/////////////////////////////////////
Nouvelle session 2021-03-17 12:51:30

/////////////////////////////////////
Nouvelle session 2021-03-17 12:51:30

/////////////////////////////////////
Nouvelle session 2021-03-17 12:51:45

/////////////////////////////////////
Nouvelle session 2021-03-17 12:51:45

/////////////////////////////////////
Nouvelle session 2021-03-17 12:52:12

/////////////////////////////////////
Nouvelle session 2021-03-17 12:52:12

/////////////////////////////////////
Nouvelle session 2021-03-17 12:52:16

/////////////////////////////////////
Nouvelle session 2021-03-17 12:52:17

/////////////////////////////////////
Nouvelle session 2021-03-17 12:52:23

/////////////////////////////////////
Nouvelle session 2021-03-17 12:52:23

/////////////////////////////////////
Nouvelle session 2021-03-17 12:53:15

/////////////////////////////////////
Nouvelle session 2021-03-17 12:53:15

/////////////////////////////////////
Nouvelle session 2021-03-17 12:54:21

/////////////////////////////////////
Nouvelle session 2021-03-17 12:54:21

/////////////////////////////////////
Nouvelle session 2021-03-17 12:55:28

/////////////////////////////////////
Nouvelle session 2021-03-17 12:55:28

/////////////////////////////////////
Nouvelle session 2021-03-17 12:56:29

/////////////////////////////////////
Nouvelle session 2021-03-17 12:56:29

/////////////////////////////////////
Nouvelle session 2021-03-17 12:56:36

/////////////////////////////////////
Nouvelle session 2021-03-17 12:56:36

/////////////////////////////////////
Nouvelle session 2021-03-17 12:56:53

/////////////////////////////////////
Nouvelle session 2021-03-17 12:56:53

/////////////////////////////////////
Nouvelle session 2021-03-17 13:00:43

/////////////////////////////////////
Nouvelle session 2021-03-17 13:00:43

/////////////////////////////////////
Nouvelle session 2021-03-17 13:01:02

/////////////////////////////////////
Nouvelle session 2021-03-17 13:01:02

/////////////////////////////////////
Nouvelle session 2021-03-17 13:01:09

/////////////////////////////////////
Nouvelle session 2021-03-17 13:01:09

/////////////////////////////////////
Nouvelle session 2021-03-17 13:05:32

/////////////////////////////////////
Nouvelle session 2021-03-17 13:05:32

/////////////////////////////////////
Nouvelle session 2021-03-17 13:05:53

/////////////////////////////////////
Nouvelle session 2021-03-17 13:05:54

/////////////////////////////////////
Nouvelle session 2021-03-17 13:06:04

/////////////////////////////////////
Nouvelle session 2021-03-17 13:06:04

/////////////////////////////////////
Nouvelle session 2021-03-17 13:06:20

/////////////////////////////////////
Nouvelle session 2021-03-17 13:06:20

/////////////////////////////////////
Nouvelle session 2021-03-17 13:06:28

/////////////////////////////////////
Nouvelle session 2021-03-17 13:06:28

/////////////////////////////////////
Nouvelle session 2021-03-17 13:06:34

/////////////////////////////////////
Nouvelle session 2021-03-17 13:06:34

/////////////////////////////////////
Nouvelle session 2021-03-17 13:06:57

/////////////////////////////////////
Nouvelle session 2021-03-17 13:06:57

/////////////////////////////////////
Nouvelle session 2021-03-17 13:07:33

/////////////////////////////////////
Nouvelle session 2021-03-17 13:07:34

/////////////////////////////////////
Nouvelle session 2021-03-17 13:07:40

/////////////////////////////////////
Nouvelle session 2021-03-17 13:07:40

/////////////////////////////////////
Nouvelle session 2021-03-17 13:07:51

/////////////////////////////////////
Nouvelle session 2021-03-17 13:07:51

/////////////////////////////////////
Nouvelle session 2021-03-17 13:10:35

/////////////////////////////////////
Nouvelle session 2021-03-17 13:10:35

/////////////////////////////////////
Nouvelle session 2021-03-17 13:11:23

/////////////////////////////////////
Nouvelle session 2021-03-17 13:11:23

/////////////////////////////////////
Nouvelle session 2021-03-17 13:11:30

/////////////////////////////////////
Nouvelle session 2021-03-17 13:11:30

/////////////////////////////////////
Nouvelle session 2021-03-17 13:12:26

/////////////////////////////////////
Nouvelle session 2021-03-17 13:12:26

/////////////////////////////////////
Nouvelle session 2021-03-17 13:12:54

/////////////////////////////////////
Nouvelle session 2021-03-17 13:12:54

/////////////////////////////////////
Nouvelle session 2021-03-17 13:13:00

/////////////////////////////////////
Nouvelle session 2021-03-17 13:13:00

/////////////////////////////////////
Nouvelle session 2021-03-17 13:13:16

/////////////////////////////////////
Nouvelle session 2021-03-17 13:13:16

/////////////////////////////////////
Nouvelle session 2021-03-17 13:13:24

/////////////////////////////////////
Nouvelle session 2021-03-17 13:13:24

/////////////////////////////////////
Nouvelle session 2021-03-17 13:13:32

/////////////////////////////////////
Nouvelle session 2021-03-17 13:13:32

/////////////////////////////////////
Nouvelle session 2021-03-17 13:18:50

/////////////////////////////////////
Nouvelle session 2021-03-17 13:18:50

/////////////////////////////////////
Nouvelle session 2021-03-17 13:20:59

/////////////////////////////////////
Nouvelle session 2021-03-17 13:20:59

/////////////////////////////////////
Nouvelle session 2021-03-17 13:21:40

/////////////////////////////////////
Nouvelle session 2021-03-17 13:21:40

/////////////////////////////////////
Nouvelle session 2021-03-17 13:22:00

/////////////////////////////////////
Nouvelle session 2021-03-17 13:22:00

/////////////////////////////////////
Nouvelle session 2021-03-17 13:23:42

/////////////////////////////////////
Nouvelle session 2021-03-17 13:23:42

/////////////////////////////////////
Nouvelle session 2021-03-17 13:24:25

/////////////////////////////////////
Nouvelle session 2021-03-17 13:24:25

/////////////////////////////////////
Nouvelle session 2021-03-17 13:25:24

/////////////////////////////////////
Nouvelle session 2021-03-17 13:25:25

/////////////////////////////////////
Nouvelle session 2021-03-17 13:25:42

/////////////////////////////////////
Nouvelle session 2021-03-17 13:25:42

/////////////////////////////////////
Nouvelle session 2021-03-17 13:26:12

/////////////////////////////////////
Nouvelle session 2021-03-17 13:26:12

/////////////////////////////////////
Nouvelle session 2021-03-17 13:26:30

/////////////////////////////////////
Nouvelle session 2021-03-17 13:26:30

/////////////////////////////////////
Nouvelle session 2021-03-17 13:28:19

/////////////////////////////////////
Nouvelle session 2021-03-17 13:28:19

/////////////////////////////////////
Nouvelle session 2021-03-17 13:28:39

/////////////////////////////////////
Nouvelle session 2021-03-17 13:28:39

/////////////////////////////////////
Nouvelle session 2021-03-17 13:29:00

/////////////////////////////////////
Nouvelle session 2021-03-17 13:29:00

/////////////////////////////////////
Nouvelle session 2021-03-17 13:29:04

/////////////////////////////////////
Nouvelle session 2021-03-17 13:29:04

/////////////////////////////////////
Nouvelle session 2021-03-17 13:40:30

/////////////////////////////////////
Nouvelle session 2021-03-17 13:40:30

/////////////////////////////////////
Nouvelle session 2021-03-17 13:40:47

/////////////////////////////////////
Nouvelle session 2021-03-17 13:40:47

/////////////////////////////////////
Nouvelle session 2021-03-17 13:41:03

/////////////////////////////////////
Nouvelle session 2021-03-17 13:41:03

/////////////////////////////////////
Nouvelle session 2021-03-17 13:41:25

/////////////////////////////////////
Nouvelle session 2021-03-17 13:41:25

/////////////////////////////////////
Nouvelle session 2021-03-17 13:42:02

/////////////////////////////////////
Nouvelle session 2021-03-17 13:42:03

/////////////////////////////////////
Nouvelle session 2021-03-17 13:42:28

/////////////////////////////////////
Nouvelle session 2021-03-17 13:42:28

/////////////////////////////////////
Nouvelle session 2021-03-17 13:43:35

/////////////////////////////////////
Nouvelle session 2021-03-17 13:43:35

/////////////////////////////////////
Nouvelle session 2021-03-17 13:43:44

/////////////////////////////////////
Nouvelle session 2021-03-17 13:43:44

/////////////////////////////////////
Nouvelle session 2021-03-17 13:44:01

/////////////////////////////////////
Nouvelle session 2021-03-17 13:44:02

/////////////////////////////////////
Nouvelle session 2021-03-17 13:44:46

/////////////////////////////////////
Nouvelle session 2021-03-17 13:44:46

/////////////////////////////////////
Nouvelle session 2021-03-17 13:44:53

/////////////////////////////////////
Nouvelle session 2021-03-17 13:44:53

/////////////////////////////////////
Nouvelle session 2021-03-17 13:45:22

/////////////////////////////////////
Nouvelle session 2021-03-17 13:45:22

/////////////////////////////////////
Nouvelle session 2021-03-17 13:45:31

/////////////////////////////////////
Nouvelle session 2021-03-17 13:45:31

/////////////////////////////////////
Nouvelle session 2021-03-17 13:46:44

/////////////////////////////////////
Nouvelle session 2021-03-17 13:46:44

/////////////////////////////////////
Nouvelle session 2021-03-17 13:47:13

/////////////////////////////////////
Nouvelle session 2021-03-17 13:47:13

/////////////////////////////////////
Nouvelle session 2021-03-17 13:47:27

/////////////////////////////////////
Nouvelle session 2021-03-17 13:47:27

/////////////////////////////////////
Nouvelle session 2021-03-17 13:48:08

/////////////////////////////////////
Nouvelle session 2021-03-17 13:48:08

/////////////////////////////////////
Nouvelle session 2021-03-17 13:48:17

/////////////////////////////////////
Nouvelle session 2021-03-17 13:48:17

/////////////////////////////////////
Nouvelle session 2021-03-17 13:50:25

/////////////////////////////////////
Nouvelle session 2021-03-17 13:50:26

/////////////////////////////////////
Nouvelle session 2021-03-17 13:51:07

/////////////////////////////////////
Nouvelle session 2021-03-17 13:51:07

/////////////////////////////////////
Nouvelle session 2021-03-17 13:52:21

/////////////////////////////////////
Nouvelle session 2021-03-17 13:52:21

/////////////////////////////////////
Nouvelle session 2021-03-17 13:52:44

/////////////////////////////////////
Nouvelle session 2021-03-17 13:52:44

/////////////////////////////////////
Nouvelle session 2021-03-17 13:52:53

/////////////////////////////////////
Nouvelle session 2021-03-17 13:52:53

/////////////////////////////////////
Nouvelle session 2021-03-17 13:55:19

/////////////////////////////////////
Nouvelle session 2021-03-17 13:55:19

/////////////////////////////////////
Nouvelle session 2021-03-17 13:57:09

/////////////////////////////////////
Nouvelle session 2021-03-17 13:57:09

/////////////////////////////////////
Nouvelle session 2021-03-17 13:57:18

/////////////////////////////////////
Nouvelle session 2021-03-17 13:57:19

/////////////////////////////////////
Nouvelle session 2021-03-17 13:57:51

/////////////////////////////////////
Nouvelle session 2021-03-17 13:57:52

/////////////////////////////////////
Nouvelle session 2021-03-17 13:57:55

/////////////////////////////////////
Nouvelle session 2021-03-17 13:57:55

/////////////////////////////////////
Nouvelle session 2021-03-17 13:58:16

/////////////////////////////////////
Nouvelle session 2021-03-17 13:58:16

